<?xml version="1.0" encoding="UTF-8"?>
<testsuite xmlns:xsi="http://www.w3.org/2001/XMLSchema-instance" xsi:noNamespaceSchemaLocation="https://maven.apache.org/surefire/maven-surefire-plugin/xsd/surefire-test-report-3.0.xsd" version="3.0" name="edu.hm.hafner.grading.AutoGradingActionTest" time="0.234" tests="1" errors="0" skipped="0" failures="0">
  <properties>
    <property name="java.specification.version" value="21"/>
    <property name="sun.jnu.encoding" value="UTF-8"/>
    <property name="java.class.path" value="/Users/hafner/git/warnings-ng-plugin-devenv/autograding-github-action/target/test-classes:/Users/hafner/git/warnings-ng-plugin-devenv/autograding-github-action/target/classes:/Users/hafner/.m2/repository/edu/hm/hafner/autograding-model/3.6.0/autograding-model-3.6.0.jar:/Users/hafner/.m2/repository/com/fasterxml/jackson/core/jackson-databind/2.16.0/jackson-databind-2.16.0.jar:/Users/hafner/.m2/repository/com/fasterxml/jackson/core/jackson-annotations/2.16.0/jackson-annotations-2.16.0.jar:/Users/hafner/.m2/repository/com/fasterxml/jackson/core/jackson-core/2.16.0/jackson-core-2.16.0.jar:/Users/hafner/.m2/repository/edu/hm/hafner/analysis-model/11.13.0/analysis-model-11.13.0.jar:/Users/hafner/.m2/repository/org/jsoup/jsoup/1.16.2/jsoup-1.16.2.jar:/Users/hafner/.m2/repository/org/apache/commons/commons-digester3/3.2/commons-digester3-3.2.jar:/Users/hafner/.m2/repository/cglib/cglib/2.2.2/cglib-2.2.2.jar:/Users/hafner/.m2/repository/commons-logging/commons-logging/1.2/commons-logging-1.2.jar:/Users/hafner/.m2/repository/commons-beanutils/commons-beanutils/1.9.4/commons-beanutils-1.9.4.jar:/Users/hafner/.m2/repository/commons-collections/commons-collections/3.2.2/commons-collections-3.2.2.jar:/Users/hafner/.m2/repository/org/apache/commons/commons-text/1.10.0/commons-text-1.10.0.jar:/Users/hafner/.m2/repository/se/bjurr/violations/violations-lib/1.156.7/violations-lib-1.156.7.jar:/Users/hafner/.m2/repository/com/j2html/j2html/1.4.0/j2html-1.4.0.jar:/Users/hafner/.m2/repository/xerces/xercesImpl/2.12.2/xercesImpl-2.12.2.jar:/Users/hafner/.m2/repository/xml-apis/xml-apis/1.4.01/xml-apis-1.4.01.jar:/Users/hafner/.m2/repository/org/ow2/asm/asm/9.6/asm-9.6.jar:/Users/hafner/.m2/repository/com/github/spotbugs/spotbugs/4.8.0/spotbugs-4.8.0.jar:/Users/hafner/.m2/repository/org/ow2/asm/asm-analysis/9.6/asm-analysis-9.6.jar:/Users/hafner/.m2/repository/org/ow2/asm/asm-commons/9.6/asm-commons-9.6.jar:/Users/hafner/.m2/repository/org/ow2/asm/asm-tree/9.6/asm-tree-9.6.jar:/Users/hafner/.m2/repository/org/ow2/asm/asm-util/9.6/asm-util-9.6.jar:/Users/hafner/.m2/repository/com/github/stephenc/jcip/jcip-annotations/1.0-1/jcip-annotations-1.0-1.jar:/Users/hafner/.m2/repository/org/dom4j/dom4j/2.1.4/dom4j-2.1.4.jar:/Users/hafner/.m2/repository/com/google/code/gson/gson/2.10.1/gson-2.10.1.jar:/Users/hafner/.m2/repository/jaxen/jaxen/2.0.0/jaxen-2.0.0.jar:/Users/hafner/.m2/repository/net/sf/saxon/Saxon-HE/12.3/Saxon-HE-12.3.jar:/Users/hafner/.m2/repository/org/xmlresolver/xmlresolver/5.2.0/xmlresolver-5.2.0.jar:/Users/hafner/.m2/repository/org/apache/httpcomponents/client5/httpclient5/5.1.3/httpclient5-5.1.3.jar:/Users/hafner/.m2/repository/org/apache/httpcomponents/core5/httpcore5-h2/5.1.3/httpcore5-h2-5.1.3.jar:/Users/hafner/.m2/repository/commons-codec/commons-codec/1.15/commons-codec-1.15.jar:/Users/hafner/.m2/repository/org/apache/httpcomponents/core5/httpcore5/5.1.3/httpcore5-5.1.3.jar:/Users/hafner/.m2/repository/org/xmlresolver/xmlresolver/5.2.0/xmlresolver-5.2.0-data.jar:/Users/hafner/.m2/repository/org/apache/logging/log4j/log4j-core/2.20.0/log4j-core-2.20.0.jar:/Users/hafner/.m2/repository/org/apache/logging/log4j/log4j-api/2.20.0/log4j-api-2.20.0.jar:/Users/hafner/.m2/repository/org/apache/bcel/bcel/6.7.0/bcel-6.7.0.jar:/Users/hafner/.m2/repository/net/sourceforge/pmd/pmd-core/6.55.0/pmd-core-6.55.0.jar:/Users/hafner/.m2/repository/org/antlr/antlr4-runtime/4.7.2/antlr4-runtime-4.7.2.jar:/Users/hafner/.m2/repository/com/beust/jcommander/1.82/jcommander-1.82.jar:/Users/hafner/.m2/repository/net/sourceforge/pmd/pmd-java/6.55.0/pmd-java-6.55.0.jar:/Users/hafner/.m2/repository/org/json/json/20231013/json-20231013.jar:/Users/hafner/.m2/repository/net/minidev/json-smart/2.5.0/json-smart-2.5.0.jar:/Users/hafner/.m2/repository/net/minidev/accessors-smart/2.5.0/accessors-smart-2.5.0.jar:/Users/hafner/.m2/repository/org/slf4j/slf4j-api/2.0.9/slf4j-api-2.0.9.jar:/Users/hafner/.m2/repository/edu/hm/hafner/coverage-model/0.36.0/coverage-model-0.36.0.jar:/Users/hafner/.m2/repository/org/kohsuke/github-api/1.318/github-api-1.318.jar:/Users/hafner/.m2/repository/commons-io/commons-io/2.15.1/commons-io-2.15.1.jar:/Users/hafner/.m2/repository/org/apache/commons/commons-lang3/3.14.0/commons-lang3-3.14.0.jar:/Users/hafner/.m2/repository/org/testcontainers/testcontainers/1.19.3/testcontainers-1.19.3.jar:/Users/hafner/.m2/repository/junit/junit/4.13.2/junit-4.13.2.jar:/Users/hafner/.m2/repository/org/hamcrest/hamcrest-core/1.3/hamcrest-core-1.3.jar:/Users/hafner/.m2/repository/org/apache/commons/commons-compress/1.24.0/commons-compress-1.24.0.jar:/Users/hafner/.m2/repository/org/rnorth/duct-tape/duct-tape/1.0.8/duct-tape-1.0.8.jar:/Users/hafner/.m2/repository/org/jetbrains/annotations/17.0.0/annotations-17.0.0.jar:/Users/hafner/.m2/repository/com/github/docker-java/docker-java-api/3.3.4/docker-java-api-3.3.4.jar:/Users/hafner/.m2/repository/com/github/docker-java/docker-java-transport-zerodep/3.3.4/docker-java-transport-zerodep-3.3.4.jar:/Users/hafner/.m2/repository/com/github/docker-java/docker-java-transport/3.3.4/docker-java-transport-3.3.4.jar:/Users/hafner/.m2/repository/net/java/dev/jna/jna/5.13.0/jna-5.13.0.jar:/Users/hafner/.m2/repository/org/testcontainers/junit-jupiter/1.19.3/junit-jupiter-1.19.3.jar:/Users/hafner/.m2/repository/com/github/spotbugs/spotbugs-annotations/4.8.2/spotbugs-annotations-4.8.2.jar:/Users/hafner/.m2/repository/com/google/errorprone/error_prone_annotations/2.23.0/error_prone_annotations-2.23.0.jar:/Users/hafner/.m2/repository/one/util/streamex/0.8.2/streamex-0.8.2.jar:/Users/hafner/.m2/repository/edu/hm/hafner/codingstyle/3.28.0/codingstyle-3.28.0.jar:/Users/hafner/.m2/repository/org/junit/jupiter/junit-jupiter-api/5.10.1/junit-jupiter-api-5.10.1.jar:/Users/hafner/.m2/repository/org/opentest4j/opentest4j/1.3.0/opentest4j-1.3.0.jar:/Users/hafner/.m2/repository/org/junit/platform/junit-platform-commons/1.10.1/junit-platform-commons-1.10.1.jar:/Users/hafner/.m2/repository/org/apiguardian/apiguardian-api/1.1.2/apiguardian-api-1.1.2.jar:/Users/hafner/.m2/repository/org/junit/jupiter/junit-jupiter-engine/5.10.1/junit-jupiter-engine-5.10.1.jar:/Users/hafner/.m2/repository/org/junit/platform/junit-platform-engine/1.10.1/junit-platform-engine-1.10.1.jar:/Users/hafner/.m2/repository/org/junit/platform/junit-platform-launcher/1.10.1/junit-platform-launcher-1.10.1.jar:/Users/hafner/.m2/repository/org/junit/jupiter/junit-jupiter-params/5.10.1/junit-jupiter-params-5.10.1.jar:/Users/hafner/.m2/repository/org/junit-pioneer/junit-pioneer/2.2.0/junit-pioneer-2.2.0.jar:/Users/hafner/.m2/repository/org/mockito/mockito-core/5.7.0/mockito-core-5.7.0.jar:/Users/hafner/.m2/repository/net/bytebuddy/byte-buddy/1.14.10/byte-buddy-1.14.10.jar:/Users/hafner/.m2/repository/net/bytebuddy/byte-buddy-agent/1.14.9/byte-buddy-agent-1.14.9.jar:/Users/hafner/.m2/repository/org/objenesis/objenesis/3.3/objenesis-3.3.jar:/Users/hafner/.m2/repository/org/assertj/assertj-core/3.24.2/assertj-core-3.24.2.jar:/Users/hafner/.m2/repository/com/tngtech/archunit/archunit-junit5/1.2.0/archunit-junit5-1.2.0.jar:/Users/hafner/.m2/repository/com/tngtech/archunit/archunit-junit5-api/1.2.0/archunit-junit5-api-1.2.0.jar:/Users/hafner/.m2/repository/com/tngtech/archunit/archunit/1.2.0/archunit-1.2.0.jar:/Users/hafner/.m2/repository/com/tngtech/archunit/archunit-junit5-engine/1.2.0/archunit-junit5-engine-1.2.0.jar:/Users/hafner/.m2/repository/com/tngtech/archunit/archunit-junit5-engine-api/1.2.0/archunit-junit5-engine-api-1.2.0.jar:/Users/hafner/.m2/repository/org/slf4j/slf4j-simple/2.0.9/slf4j-simple-2.0.9.jar:/Users/hafner/.m2/repository/nl/jqno/equalsverifier/equalsverifier/3.15.4/equalsverifier-3.15.4.jar:/Users/hafner/.m2/repository/edu/hm/hafner/codingstyle/3.28.0/codingstyle-3.28.0-tests.jar:"/>
    <property name="java.vm.vendor" value="Homebrew"/>
    <property name="sun.arch.data.model" value="64"/>
    <property name="java.vendor.url" value="https://github.com/Homebrew/homebrew-core/issues"/>
    <property name="os.name" value="Mac OS X"/>
    <property name="java.vm.specification.version" value="21"/>
    <property name="sun.java.launcher" value="SUN_STANDARD"/>
    <property name="user.country" value="DE"/>
    <property name="sun.boot.library.path" value="/usr/local/Cellar/openjdk/21.0.1/libexec/openjdk.jdk/Contents/Home/lib"/>
    <property name="sun.java.command" value="/Users/hafner/git/warnings-ng-plugin-devenv/autograding-github-action/target/surefire/surefirebooter-20231204093630263_3.jar /Users/hafner/git/warnings-ng-plugin-devenv/autograding-github-action/target/surefire 2023-12-04T09-36-30_192-jvmRun1 surefire-20231204093630263_1tmp surefire_0-20231204093630263_2tmp"/>
    <property name="http.nonProxyHosts" value="local|*.local|169.254/16|*.169.254/16"/>
    <property name="jdk.debug" value="release"/>
    <property name="surefire.test.class.path" value="/Users/hafner/git/warnings-ng-plugin-devenv/autograding-github-action/target/test-classes:/Users/hafner/git/warnings-ng-plugin-devenv/autograding-github-action/target/classes:/Users/hafner/.m2/repository/edu/hm/hafner/autograding-model/3.6.0/autograding-model-3.6.0.jar:/Users/hafner/.m2/repository/com/fasterxml/jackson/core/jackson-databind/2.16.0/jackson-databind-2.16.0.jar:/Users/hafner/.m2/repository/com/fasterxml/jackson/core/jackson-annotations/2.16.0/jackson-annotations-2.16.0.jar:/Users/hafner/.m2/repository/com/fasterxml/jackson/core/jackson-core/2.16.0/jackson-core-2.16.0.jar:/Users/hafner/.m2/repository/edu/hm/hafner/analysis-model/11.13.0/analysis-model-11.13.0.jar:/Users/hafner/.m2/repository/org/jsoup/jsoup/1.16.2/jsoup-1.16.2.jar:/Users/hafner/.m2/repository/org/apache/commons/commons-digester3/3.2/commons-digester3-3.2.jar:/Users/hafner/.m2/repository/cglib/cglib/2.2.2/cglib-2.2.2.jar:/Users/hafner/.m2/repository/commons-logging/commons-logging/1.2/commons-logging-1.2.jar:/Users/hafner/.m2/repository/commons-beanutils/commons-beanutils/1.9.4/commons-beanutils-1.9.4.jar:/Users/hafner/.m2/repository/commons-collections/commons-collections/3.2.2/commons-collections-3.2.2.jar:/Users/hafner/.m2/repository/org/apache/commons/commons-text/1.10.0/commons-text-1.10.0.jar:/Users/hafner/.m2/repository/se/bjurr/violations/violations-lib/1.156.7/violations-lib-1.156.7.jar:/Users/hafner/.m2/repository/com/j2html/j2html/1.4.0/j2html-1.4.0.jar:/Users/hafner/.m2/repository/xerces/xercesImpl/2.12.2/xercesImpl-2.12.2.jar:/Users/hafner/.m2/repository/xml-apis/xml-apis/1.4.01/xml-apis-1.4.01.jar:/Users/hafner/.m2/repository/org/ow2/asm/asm/9.6/asm-9.6.jar:/Users/hafner/.m2/repository/com/github/spotbugs/spotbugs/4.8.0/spotbugs-4.8.0.jar:/Users/hafner/.m2/repository/org/ow2/asm/asm-analysis/9.6/asm-analysis-9.6.jar:/Users/hafner/.m2/repository/org/ow2/asm/asm-commons/9.6/asm-commons-9.6.jar:/Users/hafner/.m2/repository/org/ow2/asm/asm-tree/9.6/asm-tree-9.6.jar:/Users/hafner/.m2/repository/org/ow2/asm/asm-util/9.6/asm-util-9.6.jar:/Users/hafner/.m2/repository/com/github/stephenc/jcip/jcip-annotations/1.0-1/jcip-annotations-1.0-1.jar:/Users/hafner/.m2/repository/org/dom4j/dom4j/2.1.4/dom4j-2.1.4.jar:/Users/hafner/.m2/repository/com/google/code/gson/gson/2.10.1/gson-2.10.1.jar:/Users/hafner/.m2/repository/jaxen/jaxen/2.0.0/jaxen-2.0.0.jar:/Users/hafner/.m2/repository/net/sf/saxon/Saxon-HE/12.3/Saxon-HE-12.3.jar:/Users/hafner/.m2/repository/org/xmlresolver/xmlresolver/5.2.0/xmlresolver-5.2.0.jar:/Users/hafner/.m2/repository/org/apache/httpcomponents/client5/httpclient5/5.1.3/httpclient5-5.1.3.jar:/Users/hafner/.m2/repository/org/apache/httpcomponents/core5/httpcore5-h2/5.1.3/httpcore5-h2-5.1.3.jar:/Users/hafner/.m2/repository/commons-codec/commons-codec/1.15/commons-codec-1.15.jar:/Users/hafner/.m2/repository/org/apache/httpcomponents/core5/httpcore5/5.1.3/httpcore5-5.1.3.jar:/Users/hafner/.m2/repository/org/xmlresolver/xmlresolver/5.2.0/xmlresolver-5.2.0-data.jar:/Users/hafner/.m2/repository/org/apache/logging/log4j/log4j-core/2.20.0/log4j-core-2.20.0.jar:/Users/hafner/.m2/repository/org/apache/logging/log4j/log4j-api/2.20.0/log4j-api-2.20.0.jar:/Users/hafner/.m2/repository/org/apache/bcel/bcel/6.7.0/bcel-6.7.0.jar:/Users/hafner/.m2/repository/net/sourceforge/pmd/pmd-core/6.55.0/pmd-core-6.55.0.jar:/Users/hafner/.m2/repository/org/antlr/antlr4-runtime/4.7.2/antlr4-runtime-4.7.2.jar:/Users/hafner/.m2/repository/com/beust/jcommander/1.82/jcommander-1.82.jar:/Users/hafner/.m2/repository/net/sourceforge/pmd/pmd-java/6.55.0/pmd-java-6.55.0.jar:/Users/hafner/.m2/repository/org/json/json/20231013/json-20231013.jar:/Users/hafner/.m2/repository/net/minidev/json-smart/2.5.0/json-smart-2.5.0.jar:/Users/hafner/.m2/repository/net/minidev/accessors-smart/2.5.0/accessors-smart-2.5.0.jar:/Users/hafner/.m2/repository/org/slf4j/slf4j-api/2.0.9/slf4j-api-2.0.9.jar:/Users/hafner/.m2/repository/edu/hm/hafner/coverage-model/0.36.0/coverage-model-0.36.0.jar:/Users/hafner/.m2/repository/org/kohsuke/github-api/1.318/github-api-1.318.jar:/Users/hafner/.m2/repository/commons-io/commons-io/2.15.1/commons-io-2.15.1.jar:/Users/hafner/.m2/repository/org/apache/commons/commons-lang3/3.14.0/commons-lang3-3.14.0.jar:/Users/hafner/.m2/repository/org/testcontainers/testcontainers/1.19.3/testcontainers-1.19.3.jar:/Users/hafner/.m2/repository/junit/junit/4.13.2/junit-4.13.2.jar:/Users/hafner/.m2/repository/org/hamcrest/hamcrest-core/1.3/hamcrest-core-1.3.jar:/Users/hafner/.m2/repository/org/apache/commons/commons-compress/1.24.0/commons-compress-1.24.0.jar:/Users/hafner/.m2/repository/org/rnorth/duct-tape/duct-tape/1.0.8/duct-tape-1.0.8.jar:/Users/hafner/.m2/repository/org/jetbrains/annotations/17.0.0/annotations-17.0.0.jar:/Users/hafner/.m2/repository/com/github/docker-java/docker-java-api/3.3.4/docker-java-api-3.3.4.jar:/Users/hafner/.m2/repository/com/github/docker-java/docker-java-transport-zerodep/3.3.4/docker-java-transport-zerodep-3.3.4.jar:/Users/hafner/.m2/repository/com/github/docker-java/docker-java-transport/3.3.4/docker-java-transport-3.3.4.jar:/Users/hafner/.m2/repository/net/java/dev/jna/jna/5.13.0/jna-5.13.0.jar:/Users/hafner/.m2/repository/org/testcontainers/junit-jupiter/1.19.3/junit-jupiter-1.19.3.jar:/Users/hafner/.m2/repository/com/github/spotbugs/spotbugs-annotations/4.8.2/spotbugs-annotations-4.8.2.jar:/Users/hafner/.m2/repository/com/google/errorprone/error_prone_annotations/2.23.0/error_prone_annotations-2.23.0.jar:/Users/hafner/.m2/repository/one/util/streamex/0.8.2/streamex-0.8.2.jar:/Users/hafner/.m2/repository/edu/hm/hafner/codingstyle/3.28.0/codingstyle-3.28.0.jar:/Users/hafner/.m2/repository/org/junit/jupiter/junit-jupiter-api/5.10.1/junit-jupiter-api-5.10.1.jar:/Users/hafner/.m2/repository/org/opentest4j/opentest4j/1.3.0/opentest4j-1.3.0.jar:/Users/hafner/.m2/repository/org/junit/platform/junit-platform-commons/1.10.1/junit-platform-commons-1.10.1.jar:/Users/hafner/.m2/repository/org/apiguardian/apiguardian-api/1.1.2/apiguardian-api-1.1.2.jar:/Users/hafner/.m2/repository/org/junit/jupiter/junit-jupiter-engine/5.10.1/junit-jupiter-engine-5.10.1.jar:/Users/hafner/.m2/repository/org/junit/platform/junit-platform-engine/1.10.1/junit-platform-engine-1.10.1.jar:/Users/hafner/.m2/repository/org/junit/platform/junit-platform-launcher/1.10.1/junit-platform-launcher-1.10.1.jar:/Users/hafner/.m2/repository/org/junit/jupiter/junit-jupiter-params/5.10.1/junit-jupiter-params-5.10.1.jar:/Users/hafner/.m2/repository/org/junit-pioneer/junit-pioneer/2.2.0/junit-pioneer-2.2.0.jar:/Users/hafner/.m2/repository/org/mockito/mockito-core/5.7.0/mockito-core-5.7.0.jar:/Users/hafner/.m2/repository/net/bytebuddy/byte-buddy/1.14.10/byte-buddy-1.14.10.jar:/Users/hafner/.m2/repository/net/bytebuddy/byte-buddy-agent/1.14.9/byte-buddy-agent-1.14.9.jar:/Users/hafner/.m2/repository/org/objenesis/objenesis/3.3/objenesis-3.3.jar:/Users/hafner/.m2/repository/org/assertj/assertj-core/3.24.2/assertj-core-3.24.2.jar:/Users/hafner/.m2/repository/com/tngtech/archunit/archunit-junit5/1.2.0/archunit-junit5-1.2.0.jar:/Users/hafner/.m2/repository/com/tngtech/archunit/archunit-junit5-api/1.2.0/archunit-junit5-api-1.2.0.jar:/Users/hafner/.m2/repository/com/tngtech/archunit/archunit/1.2.0/archunit-1.2.0.jar:/Users/hafner/.m2/repository/com/tngtech/archunit/archunit-junit5-engine/1.2.0/archunit-junit5-engine-1.2.0.jar:/Users/hafner/.m2/repository/com/tngtech/archunit/archunit-junit5-engine-api/1.2.0/archunit-junit5-engine-api-1.2.0.jar:/Users/hafner/.m2/repository/org/slf4j/slf4j-simple/2.0.9/slf4j-simple-2.0.9.jar:/Users/hafner/.m2/repository/nl/jqno/equalsverifier/equalsverifier/3.15.4/equalsverifier-3.15.4.jar:/Users/hafner/.m2/repository/edu/hm/hafner/codingstyle/3.28.0/codingstyle-3.28.0-tests.jar:"/>
    <property name="sun.cpu.endian" value="little"/>
    <property name="user.home" value="/Users/hafner"/>
    <property name="user.language" value="de"/>
    <property name="java.specification.vendor" value="Oracle Corporation"/>
    <property name="java.version.date" value="2023-10-17"/>
    <property name="java.home" value="/usr/local/Cellar/openjdk/21.0.1/libexec/openjdk.jdk/Contents/Home"/>
    <property name="file.separator" value="/"/>
    <property name="basedir" value="/Users/hafner/git/warnings-ng-plugin-devenv/autograding-github-action"/>
    <property name="java.vm.compressedOopsMode" value="Zero based"/>
    <property name="line.separator" value="&#10;"/>
    <property name="java.vm.specification.vendor" value="Oracle Corporation"/>
    <property name="java.specification.name" value="Java Platform API Specification"/>
    <property name="apple.awt.application.name" value="ForkedBooter"/>
    <property name="surefire.real.class.path" value="/Users/hafner/git/warnings-ng-plugin-devenv/autograding-github-action/target/surefire/surefirebooter-20231204093630263_3.jar"/>
    <property name="java.util.logging.config.file" value="logging.properties"/>
    <property name="sun.management.compiler" value="HotSpot 64-Bit Tiered Compilers"/>
    <property name="ftp.nonProxyHosts" value="local|*.local|169.254/16|*.169.254/16"/>
    <property name="java.runtime.version" value="21.0.1"/>
    <property name="user.name" value="hafner"/>
    <property name="stdout.encoding" value="UTF-8"/>
    <property name="path.separator" value=":"/>
    <property name="os.version" value="14.1.2"/>
    <property name="java.runtime.name" value="OpenJDK Runtime Environment"/>
    <property name="file.encoding" value="UTF-8"/>
    <property name="java.vm.name" value="OpenJDK 64-Bit Server VM"/>
    <property name="java.vendor.version" value="Homebrew"/>
    <property name="localRepository" value="/Users/hafner/.m2/repository"/>
    <property name="java.vendor.url.bug" value="https://github.com/Homebrew/homebrew-core/issues"/>
    <property name="java.io.tmpdir" value="/var/folders/pg/qr8ry2kd4qjc151jhq9ksgx00000gn/T/"/>
    <property name="java.version" value="21.0.1"/>
    <property name="user.dir" value="/Users/hafner/git/warnings-ng-plugin-devenv/autograding-github-action"/>
    <property name="os.arch" value="x86_64"/>
    <property name="java.vm.specification.name" value="Java Virtual Machine Specification"/>
    <property name="native.encoding" value="UTF-8"/>
    <property name="java.library.path" value="/Users/hafner/Library/Java/Extensions:/Library/Java/Extensions:/Network/Library/Java/Extensions:/System/Library/Java/Extensions:/usr/lib/java:."/>
    <property name="java.vm.info" value="mixed mode, sharing"/>
    <property name="stderr.encoding" value="UTF-8"/>
    <property name="java.vendor" value="Homebrew"/>
    <property name="java.vm.version" value="21.0.1"/>
    <property name="sun.io.unicode.encoding" value="UnicodeBig"/>
    <property name="socksNonProxyHosts" value="local|*.local|169.254/16|*.169.254/16"/>
    <property name="java.class.version" value="65.0"/>
  </properties>
  <testcase name="shouldReadDefaultConfigurationIfEnvironmentIsNotSet" classname="edu.hm.hafner.grading.AutoGradingActionTest" time="0.209">
    <system-out><![CDATA[No configuration provided (environment variable CONFIG not set), using default configuration
]]></system-out>
  </testcase>
</testsuite>